Using pre-set license
Built from '2020.3/staging' branch; Version is '2020.3.23f1 (c5d91304a876) revision 12966163'; Using compiler version '192528614'; Build Type 'Release'
OS: 'Windows 10 Pro; OS build 19044.1348; Version 2009; 64bit' Language: 'en' Physical Memory: 16298 MB
BatchMode: 1, IsHumanControllingUs: 0, StartBugReporterOnCrash: 0, Is64bit: 1, IsPro: 0

COMMAND LINE ARGUMENTS:
C:\Program Files\Unity\Hub\Editor\2020.3.23f1\Editor\Unity.exe
-adb2
-batchMode
-noUpm
-name
AssetImportWorker0
-projectPath
C:/Henry/Henry_3D_Platformer/3D_Platformer
-logFile
Logs/AssetImportWorker0.log
-srvPort
50017
Successfully changed project path to: C:/Henry/Henry_3D_Platformer/3D_Platformer
C:/Henry/Henry_3D_Platformer/3D_Platformer
Using Asset Import Pipeline V2.
Refreshing native plugins compatible for Editor in 22.00 ms, found 2 plugins.
Preloading 0 native plugins for Editor in 0.00 ms.
Initialize engine version: 2020.3.23f1 (c5d91304a876)
[Subsystems] Discovering subsystems at path C:/Program Files/Unity/Hub/Editor/2020.3.23f1/Editor/Data/Resources/UnitySubsystems
[Subsystems] Discovering subsystems at path C:/Henry/Henry_3D_Platformer/3D_Platformer/Assets
GfxDevice: creating device client; threaded=0
Direct3D:
    Version:  Direct3D 11.0 [level 11.1]
    Renderer: NVIDIA GeForce RTX 3060 (ID=0x2504)
    Vendor:   
    VRAM:     12143 MB
    Driver:   30.0.14.9649
Initialize mono
Mono path[0] = 'C:/Program Files/Unity/Hub/Editor/2020.3.23f1/Editor/Data/Managed'
Mono path[1] = 'C:/Program Files/Unity/Hub/Editor/2020.3.23f1/Editor/Data/MonoBleedingEdge/lib/mono/unityjit'
Mono config path = 'C:/Program Files/Unity/Hub/Editor/2020.3.23f1/Editor/Data/MonoBleedingEdge/etc'
Using monoOptions --debugger-agent=transport=dt_socket,embedding=1,server=y,suspend=n,address=127.0.0.1:56072
Begin MonoManager ReloadAssembly
Registering precompiled unity dll's ...
Register platform support module: C:/Program Files/Unity/Hub/Editor/2020.3.23f1/Editor/Data/PlaybackEngines/WindowsStandaloneSupport/UnityEditor.WindowsStandalone.Extensions.dll
Registered in 0.000920 seconds.
Native extension for WindowsStandalone target not found
Refreshing native plugins compatible for Editor in 22.55 ms, found 2 plugins.
Preloading 0 native plugins for Editor in 0.00 ms.
Mono: successfully reloaded assembly
- Completed reload, in  0.371 seconds
Domain Reload Profiling:
	ReloadAssembly (371ms)
		BeginReloadAssembly (33ms)
			ExecutionOrderSort (0ms)
			DisableScriptedObjects (0ms)
			BackupInstance (0ms)
			ReleaseScriptingObjects (0ms)
			CreateAndSetChildDomain (0ms)
		EndReloadAssembly (294ms)
			LoadAssemblies (32ms)
			RebuildTransferFunctionScriptingTraits (0ms)
			SetupTypeCache (92ms)
			ReleaseScriptCaches (0ms)
			RebuildScriptCaches (19ms)
			SetupLoadedEditorAssemblies (119ms)
				LogAssemblyErrors (0ms)
				InitializePlatformSupportModulesInManaged (3ms)
				SetLoadedEditorAssemblies (0ms)
				RefreshPlugins (23ms)
				BeforeProcessingInitializeOnLoad (7ms)
				ProcessInitializeOnLoadAttributes (66ms)
				ProcessInitializeOnLoadMethodAttributes (20ms)
				AfterProcessingInitializeOnLoad (0ms)
				EditorAssembliesLoaded (0ms)
			ExecutionOrderSort2 (0ms)
			AwakeInstancesAfterBackupRestoration (0ms)
Platform modules already initialized, skipping
Registering precompiled user dll's ...
Registered in 0.002449 seconds.
Begin MonoManager ReloadAssembly
Native extension for WindowsStandalone target not found
Refreshing native plugins compatible for Editor in 0.52 ms, found 2 plugins.
Preloading 0 native plugins for Editor in 0.00 ms.
Mono: successfully reloaded assembly
- Completed reload, in  0.752 seconds
Domain Reload Profiling:
	ReloadAssembly (752ms)
		BeginReloadAssembly (88ms)
			ExecutionOrderSort (0ms)
			DisableScriptedObjects (3ms)
			BackupInstance (0ms)
			ReleaseScriptingObjects (0ms)
			CreateAndSetChildDomain (13ms)
		EndReloadAssembly (626ms)
			LoadAssemblies (54ms)
			RebuildTransferFunctionScriptingTraits (0ms)
			SetupTypeCache (185ms)
			ReleaseScriptCaches (0ms)
			RebuildScriptCaches (28ms)
			SetupLoadedEditorAssemblies (238ms)
				LogAssemblyErrors (0ms)
				InitializePlatformSupportModulesInManaged (6ms)
				SetLoadedEditorAssemblies (1ms)
				RefreshPlugins (1ms)
				BeforeProcessingInitializeOnLoad (63ms)
				ProcessInitializeOnLoadAttributes (148ms)
				ProcessInitializeOnLoadMethodAttributes (6ms)
				AfterProcessingInitializeOnLoad (10ms)
				EditorAssembliesLoaded (3ms)
			ExecutionOrderSort2 (0ms)
			AwakeInstancesAfterBackupRestoration (42ms)
Platform modules already initialized, skipping
========================================================================
Worker process is ready to serve import requests
Launched and connected shader compiler UnityShaderCompiler.exe after 0.03 seconds
Refreshing native plugins compatible for Editor in 0.48 ms, found 2 plugins.
Preloading 0 native plugins for Editor in 0.00 ms.
Unloading 1513 Unused Serialized files (Serialized files now loaded: 0)
System memory in use before: 69.6 MB.
System memory in use after: 69.7 MB.

Unloading 19 unused Assets to reduce memory usage. Loaded Objects now: 1945.
Total: 2.425100 ms (FindLiveObjects: 0.128600 ms CreateObjectMapping: 0.035400 ms MarkObjects: 2.198800 ms  DeleteObjects: 0.061500 ms)

AssetImportParameters requested are different than current active one (requested -> active):
  custom:framework-win-MediaFoundation: 216162199b28c13a410421893ffa2e32 -> 
  custom:video-decoder-ogg-theora: a1e56fd34408186e4bbccfd4996cb3dc -> 
  custom:container-muxer-webm: aa71ff27fc2769a1b78a27578f13a17b -> 
  custom:container-demuxer-webm: 4f35f7cbe854078d1ac9338744f61a02 -> 
  custom:container-demuxer-ogg: 62fdf1f143b41e24485cea50d1cbac27 -> 
  custom:video-encoder-webm-vp8: eb34c28f22e8b96e1ab97ce403110664 -> 
  custom:video-decoder-webm-vp8: 9c59270c3fd7afecdb556c50c9e8de78 -> 
  custom:audio-decoder-ogg-vorbis: bf7c407c2cedff20999df2af8eb42d56 -> 
  custom:audio-encoder-webm-vorbis: bf7c407c2cedff20999df2af8eb42d56 -> 
========================================================================
Received Import Request.
  path: Assets/ThirdPersonCam.cs
  artifactKey: Guid(cad6beb15cfda8848a82876a28a9882e) Importer(815301076,1909f56bfc062723c751e8b465ee728b)
Start importing Assets/ThirdPersonCam.cs using Guid(cad6beb15cfda8848a82876a28a9882e) Importer(815301076,1909f56bfc062723c751e8b465ee728b)  -> (artifact id: 'f156e52e955ceb8a3a2c155c586dae9d') in 0.013324 seconds 
  Import took 0.015052 seconds .

========================================================================
Received Import Request.
  Time since last request: 237.785637 seconds.
  path: Assets/ThirdPersonCam.cs
  artifactKey: Guid(cad6beb15cfda8848a82876a28a9882e) Importer(815301076,1909f56bfc062723c751e8b465ee728b)
Start importing Assets/ThirdPersonCam.cs using Guid(cad6beb15cfda8848a82876a28a9882e) Importer(815301076,1909f56bfc062723c751e8b465ee728b)  -> (artifact id: '017b8b1a36f0b5b2b685d58d3a1f6f3f') in 0.001438 seconds 
  Import took 0.003132 seconds .

========================================================================
Received Import Request.
  Time since last request: 287.481091 seconds.
  path: Assets/ThirdPersonCam.cs
  artifactKey: Guid(cad6beb15cfda8848a82876a28a9882e) Importer(815301076,1909f56bfc062723c751e8b465ee728b)
Start importing Assets/ThirdPersonCam.cs using Guid(cad6beb15cfda8848a82876a28a9882e) Importer(815301076,1909f56bfc062723c751e8b465ee728b)  -> (artifact id: 'c8769385d574ddc7583de301addc070a') in 0.004472 seconds 
  Import took 0.006434 seconds .

========================================================================
Received Import Request.
  Time since last request: 58.679080 seconds.
  path: Assets/ThirdPersonCam.cs
  artifactKey: Guid(cad6beb15cfda8848a82876a28a9882e) Importer(815301076,1909f56bfc062723c751e8b465ee728b)
Start importing Assets/ThirdPersonCam.cs using Guid(cad6beb15cfda8848a82876a28a9882e) Importer(815301076,1909f56bfc062723c751e8b465ee728b)  -> (artifact id: '67c7566ece3bae2c49280a6c4ca64797') in 0.001337 seconds 
  Import took 0.002977 seconds .

========================================================================
Received Import Request.
  Time since last request: 276.242672 seconds.
  path: Assets/ThirdPersonCam.cs
  artifactKey: Guid(cad6beb15cfda8848a82876a28a9882e) Importer(815301076,1909f56bfc062723c751e8b465ee728b)
Start importing Assets/ThirdPersonCam.cs using Guid(cad6beb15cfda8848a82876a28a9882e) Importer(815301076,1909f56bfc062723c751e8b465ee728b)  -> (artifact id: '708767bd5170a52ebebc9ebd28d2cf23') in 0.001427 seconds 
  Import took 0.003355 seconds .

========================================================================
Received Import Request.
  Time since last request: 92.165395 seconds.
  path: Assets/ThirdPersonCam.cs
  artifactKey: Guid(cad6beb15cfda8848a82876a28a9882e) Importer(815301076,1909f56bfc062723c751e8b465ee728b)
Start importing Assets/ThirdPersonCam.cs using Guid(cad6beb15cfda8848a82876a28a9882e) Importer(815301076,1909f56bfc062723c751e8b465ee728b)  -> (artifact id: '5e5eaca44c894a32b29ad58aa9c663af') in 0.001381 seconds 
  Import took 0.003105 seconds .

========================================================================
Received Import Request.
  Time since last request: 472.071157 seconds.
  path: Assets/ThirdPersonCam.cs
  artifactKey: Guid(cad6beb15cfda8848a82876a28a9882e) Importer(815301076,1909f56bfc062723c751e8b465ee728b)
Start importing Assets/ThirdPersonCam.cs using Guid(cad6beb15cfda8848a82876a28a9882e) Importer(815301076,1909f56bfc062723c751e8b465ee728b)  -> (artifact id: '338783a5c286ecc308f302c631aafa7b') in 0.001359 seconds 
  Import took 0.003154 seconds .

========================================================================
Received Import Request.
  Time since last request: 41.301651 seconds.
  path: Assets/ThirdPersonCam1.cs
  artifactKey: Guid(27b41b7e6e37bb74f98822c21266a2d1) Importer(815301076,1909f56bfc062723c751e8b465ee728b)
Start importing Assets/ThirdPersonCam1.cs using Guid(27b41b7e6e37bb74f98822c21266a2d1) Importer(815301076,1909f56bfc062723c751e8b465ee728b)  -> (artifact id: 'f2ddd503d0236d50ed007cd1af147643') in 0.003909 seconds 
  Import took 0.005633 seconds .

AssetImportWorkerClient::OnTransportError - code=2 error=End of file
